<?xml version="1.0" encoding="UTF-8"?>
<!-- Generated by org.testng.reporters.JUnitReportReporter -->
<testsuite skipped="0" hostname="ASDP1744PO02529" name="com.qait.coach.Main_menu" tests="1" failures="0" timestamp="21 Aug 2017 13:32:07 GMT" time="6.799" errors="0">
  <testcase name="dropdown_menu_new" time="6.799" classname="com.qait.coach.Main_menu"/>
</testsuite> <!-- com.qait.coach.Main_menu -->
