<?xml version="1.0" encoding="UTF-8"?>
<!-- Generated by org.testng.reporters.JUnitReportReporter -->
<testsuite skipped="0" hostname="ASDP1744PO02529" name="com.qait.coach.verifyHomepage" tests="3" failures="0" timestamp="21 Aug 2017 12:47:33 GMT" time="8.101" errors="0">
  <testcase name="verify_wishlist" time="2.211" classname="com.qait.coach.verifyHomepage"/>
  <testcase name="verify_logo" time="4.022" classname="com.qait.coach.verifyHomepage"/>
  <testcase name="verify_Account" time="1.868" classname="com.qait.coach.verifyHomepage"/>
</testsuite> <!-- com.qait.coach.verifyHomepage -->
