<?xml version="1.0" encoding="UTF-8"?>
<!-- Generated by org.testng.reporters.JUnitReportReporter -->
<testsuite skipped="0" hostname="ASDP1744PO02529" name="com.qait.coach.Main_menu" tests="7" failures="0" timestamp="23 Aug 2017 09:31:06 GMT" time="34.851" errors="0">
  <testcase name="verify_dropdown_men" time="4.595" classname="com.qait.coach.Main_menu"/>
  <testcase name="verify_dropdown_Personalize" time="4.702" classname="com.qait.coach.Main_menu"/>
  <testcase name="verify_dropdown_sale" time="4.443" classname="com.qait.coach.Main_menu"/>
  <testcase name="verify_dropdown_women" time="6.584" classname="com.qait.coach.Main_menu"/>
  <testcase name="verify_search_button" time="5.551" classname="com.qait.coach.Main_menu"/>
  <testcase name="verify_dropdown_COACH_1941" time="4.358" classname="com.qait.coach.Main_menu"/>
  <testcase name="dropdown_menu_new" time="4.618" classname="com.qait.coach.Main_menu"/>
</testsuite> <!-- com.qait.coach.Main_menu -->
