<?xml version="1.0" encoding="UTF-8"?>
<!-- Generated by org.testng.reporters.JUnitReportReporter -->
<testsuite skipped="0" hostname="ASDP1744PO02529" name="com.qait.coach.Main_menu" tests="7" failures="0" timestamp="21 Aug 2017 14:20:17 GMT" time="37.607" errors="0">
  <testcase name="verify_dropdown_men" time="5.108" classname="com.qait.coach.Main_menu"/>
  <testcase name="verify_dropdown_Personalize" time="4.997" classname="com.qait.coach.Main_menu"/>
  <testcase name="verify_dropdown_sale" time="4.664" classname="com.qait.coach.Main_menu"/>
  <testcase name="verify_dropdown_women" time="6.934" classname="com.qait.coach.Main_menu"/>
  <testcase name="verify_search_button" time="6.109" classname="com.qait.coach.Main_menu"/>
  <testcase name="verify_dropdown_COACH_1941" time="4.840" classname="com.qait.coach.Main_menu"/>
  <testcase name="dropdown_menu_new" time="4.955" classname="com.qait.coach.Main_menu"/>
</testsuite> <!-- com.qait.coach.Main_menu -->
